<?xml version="1.0" encoding="UTF-8"?>
<testsuite xmlns:xsi="http://www.w3.org/2001/XMLSchema-instance" xsi:noNamespaceSchemaLocation="https://maven.apache.org/surefire/maven-surefire-plugin/xsd/surefire-test-report-3.0.xsd" version="3.0" name="com.sqlcompiler.ParserTest" time="0.004" tests="7" errors="0" skipped="0" failures="0">
  <properties>
[...]
</properties>
  <testcase name="testSelectWithWhereEqual" classname="com.sqlcompiler.ParserTest" time="0.0"/>
  <testcase name="testSelectColumnsFromTable" classname="com.sqlcompiler.ParserTest" time="0.0"/>
  <testcase name="testPrintAST" classname="com.sqlcompiler.ParserTest" time="0.004">
    <system-out><![CDATA[--- AST Output ---
SELECT Query:
  Columns: nombre, edad
  FROM: usuarios
  WHERE:
    Condition:
      Left:
        Identifier: edad
      Operator: >
      Right:
        Number: 18
--- End AST ---
]]></system-out>
  </testcase>
  <testcase name="testSelectAllFromTable" classname="com.sqlcompiler.ParserTest" time="0.0"/>
  <testcase name="testMissingSelect" classname="com.sqlcompiler.ParserTest" time="0.0"/>
  <testcase name="testMissingFrom" classname="com.sqlcompiler.ParserTest" time="0.0"/>
  <testcase name="testSelectWithWhereString" classname="com.sqlcompiler.ParserTest" time="0.0"/>
</testsuite>